Arguments: 
  /usr/bin/node /usr/share/yarn/bin/yarn.js install

PATH: 
  /usr/local/sbin:/usr/local/bin:/usr/sbin:/usr/bin:/sbin:/bin:/usr/games:/usr/local/games:/snap/bin:/usr/local/go/bin

Yarn version: 
  1.3.2

Node version: 
  8.8.1

Platform: 
  linux x64

npm manifest: 
  {
    "name": "create-react-app-redux",
    "version": "0.1.0",
    "private": true,
    "devDependencies": {
      "react-scripts": "^1.0.17"
    },
    "dependencies": {
      "axios": "^0.17.1",
      "bootstrap": "^4.0.0",
      "react": "^16.2.0",
      "react-dom": "^16.2.0",
      "react-redux": "^5.0.6",
      "react-router": "^4.2.0",
      "react-router-dom": "^4.2.2",
      "react-router-redux": "next",
      "redux": "^3.7.2",
      "redux-logger": "^3.0.6",
      "redux-thunk": "^2.2.0",
      "sanitize.css": "^5.0.0"
    },
    "scripts": {
      "start": "PORT=3006 react-scripts start",
      "build": "react-scripts build",
      "test": "react-scripts test --env=jsdom",
      "eject": "react-scripts eject"
    },
    "homepage": "https://cra-redux-router-thunk.herokuapp.com"
  }

yarn manifest: 
  No manifest

Lockfile: 
  No lockfile

Trace: 
  Error: EACCES: permission denied, unlink '/home/nativ/development/repos/self-projects/ecommerce/node_modules/.yarn-integrity'
